2022-08-31 21:06:41,592 [Worker-1: Loading available Gradle versions] INFO  o.e.b.c.i.u.g.PublishedGradleVersions - Gradle version information cache is up-to-date. Trying to read.
2022-08-31 21:07:51,634 [Worker-6: Creating project "rabbitmq-parent"] INFO  o.e.m.c.i.l.LifecycleMappingFactory - Using org.eclipse.m2e.jdt.JarLifecycleMapping lifecycle mapping for MavenProject: com.baeldung.rabbitmq:rabbitmq-parent:1.0.0-SNAPSHOT @ /home/lkwid/Projects/java/rabbitmq/rabbitmq-parent/pom.xml.
2022-08-31 21:07:52,153 [Worker-6: Creating project "rabbitmq-parent"] INFO  o.e.m.j.i.AbstractJavaProjectConfigurator - Adding source folder /rabbitmq-parent/src/main/java
2022-08-31 21:07:52,155 [Worker-6: Creating project "rabbitmq-parent"] INFO  o.e.m.j.i.AbstractJavaProjectConfigurator - Adding resource folder /rabbitmq-parent/src/main/resources
2022-08-31 21:07:52,156 [Worker-6: Creating project "rabbitmq-parent"] INFO  o.e.m.j.i.AbstractJavaProjectConfigurator - Adding source folder /rabbitmq-parent/src/test/java
2022-08-31 21:07:52,157 [Worker-6: Creating project "rabbitmq-parent"] INFO  o.e.m.j.i.AbstractJavaProjectConfigurator - Adding resource folder /rabbitmq-parent/src/test/resources
2022-08-31 21:07:53,661 [Worker-4: Building] WARN  o.e.m.c.i.embedder.EclipseLogger - Using platform encoding (UTF-8 actually) to copy filtered resources, i.e. build is platform dependent!
2022-08-31 21:07:53,667 [Worker-4: Building] INFO  o.e.m.c.i.embedder.EclipseLogger - Copying 0 resource
2022-08-31 21:07:53,671 [Worker-4: Building] WARN  o.e.m.c.i.embedder.EclipseLogger - Using platform encoding (UTF-8 actually) to copy filtered resources, i.e. build is platform dependent!
2022-08-31 21:07:53,673 [Worker-4: Building] INFO  o.e.m.c.i.embedder.EclipseLogger - Copying 0 resource
2022-08-31 21:08:58,497 [Worker-4: Creating project "rabbitmq-publisher"] INFO  o.e.m.c.i.l.LifecycleMappingFactory - Using org.eclipse.m2e.jdt.JarLifecycleMapping lifecycle mapping for MavenProject: com.baeldung.rabbitmq:rabbitmq-publisher:1.0.0-SNAPSHOT @ /home/lkwid/Projects/java/rabbitmq/rabbitmq-publisher/pom.xml.
2022-08-31 21:08:58,525 [Worker-4: Creating project "rabbitmq-publisher"] INFO  o.e.m.j.i.AbstractJavaProjectConfigurator - Adding resource folder /rabbitmq-publisher/src/main/resources
2022-08-31 21:08:58,526 [Worker-4: Creating project "rabbitmq-publisher"] INFO  o.e.m.j.i.AbstractJavaProjectConfigurator - Adding resource folder /rabbitmq-publisher/src/test/resources
2022-08-31 21:09:01,855 [Worker-4: reload maven project] ERROR o.e.m2e.editor.pom.MavenPomEditor - failed to load maven project for org.eclipse.ui.part.FileEditorInput(/rabbitmq-publisher/pom.xml)
org.eclipse.core.runtime.CoreException: Could not read maven project
	at org.eclipse.m2e.core.internal.project.registry.ProjectRegistryManager.readProjectWithDependencies(ProjectRegistryManager.java:831)
	at org.eclipse.m2e.core.internal.project.registry.ProjectRegistryManager.lambda$26(ProjectRegistryManager.java:1049)
	at java.base/java.util.HashMap.computeIfAbsent(HashMap.java:1220)
	at java.base/java.util.Collections$SynchronizedMap.computeIfAbsent(Collections.java:2760)
	at org.eclipse.m2e.core.internal.project.registry.ProjectRegistryManager.lambda$25(ProjectRegistryManager.java:1048)
	at java.base/java.util.Map.computeIfAbsent(Map.java:1054)
	at org.eclipse.m2e.core.internal.project.registry.ProjectRegistryManager.getMavenProject(ProjectRegistryManager.java:1048)
	at org.eclipse.m2e.core.internal.project.registry.MavenProjectFacade.getMavenProject(MavenProjectFacade.java:261)
	at org.eclipse.m2e.core.ui.internal.actions.SelectionUtil.getMavenProject(SelectionUtil.java:257)
	at org.eclipse.m2e.editor.pom.MavenPomEditor.readMavenProject(MavenPomEditor.java:659)
	at org.eclipse.m2e.editor.pom.MavenPomEditor$3.run(MavenPomEditor.java:979)
	at org.eclipse.core.internal.jobs.Worker.run(Worker.java:63)
2022-08-31 21:11:04,547 [Worker-4: Creating project "parent"] INFO  o.e.m.c.i.l.LifecycleMappingFactory - Using NULL lifecycle mapping for MavenProject: com.baeldung:parent:1.0.0-SNAPSHOT @ /home/lkwid/Projects/java/rabbitmq/parent/pom.xml.
2022-08-31 21:12:00,964 [Worker-4: Creating project "publisher"] INFO  o.e.m.c.i.l.LifecycleMappingFactory - Using org.eclipse.m2e.jdt.JarLifecycleMapping lifecycle mapping for MavenProject: com.baeldung:publisher:0.0.1-SNAPSHOT @ /home/lkwid/Projects/java/rabbitmq/publisher/pom.xml.
2022-08-31 21:12:01,205 [Worker-4: Creating project "publisher"] INFO  o.e.m.j.i.AbstractJavaProjectConfigurator - Adding source folder /publisher/src/main/java
2022-08-31 21:12:01,205 [Worker-4: Creating project "publisher"] INFO  o.e.m.j.i.AbstractJavaProjectConfigurator - Adding resource folder /publisher/src/main/resources
2022-08-31 21:12:01,205 [Worker-4: Creating project "publisher"] INFO  o.e.m.j.i.AbstractJavaProjectConfigurator - Adding source folder /publisher/src/test/java
2022-08-31 21:12:01,206 [Worker-4: Creating project "publisher"] INFO  o.e.m.j.i.AbstractJavaProjectConfigurator - Adding resource folder /publisher/src/test/resources
2022-08-31 21:12:01,455 [Worker-11: Building] WARN  o.e.m.c.i.embedder.EclipseLogger - Using platform encoding (UTF-8 actually) to copy filtered resources, i.e. build is platform dependent!
2022-08-31 21:12:01,456 [Worker-11: Building] INFO  o.e.m.c.i.embedder.EclipseLogger - Copying 0 resource
2022-08-31 21:12:01,459 [Worker-11: Building] WARN  o.e.m.c.i.embedder.EclipseLogger - Using platform encoding (UTF-8 actually) to copy filtered resources, i.e. build is platform dependent!
2022-08-31 21:12:01,460 [Worker-11: Building] INFO  o.e.m.c.i.embedder.EclipseLogger - Copying 0 resource
2022-08-31 21:12:31,352 [Worker-4: Building] INFO  o.e.m.c.i.l.LifecycleMappingFactory - Using org.eclipse.m2e.jdt.JarLifecycleMapping lifecycle mapping for MavenProject: com.baeldung:publisher:0.0.1-SNAPSHOT @ /home/lkwid/Projects/java/rabbitmq/publisher/pom.xml.
2022-08-31 21:12:31,429 [Worker-4: Building] WARN  o.e.m.c.i.embedder.EclipseLogger - Using platform encoding (UTF-8 actually) to copy filtered resources, i.e. build is platform dependent!
2022-08-31 21:12:31,431 [Worker-4: Building] INFO  o.e.m.c.i.embedder.EclipseLogger - Copying 0 resource
2022-08-31 21:12:31,434 [Worker-4: Building] WARN  o.e.m.c.i.embedder.EclipseLogger - Using platform encoding (UTF-8 actually) to copy filtered resources, i.e. build is platform dependent!
2022-08-31 21:12:31,435 [Worker-4: Building] INFO  o.e.m.c.i.embedder.EclipseLogger - Copying 0 resource
2022-08-31 21:12:43,921 [Worker-0: Building] INFO  o.e.m.c.i.l.LifecycleMappingFactory - Using org.eclipse.m2e.jdt.JarLifecycleMapping lifecycle mapping for MavenProject: com.baeldung:publisher:1.0.0-SNAPSHOT @ /home/lkwid/Projects/java/rabbitmq/publisher/pom.xml.
2022-08-31 21:12:43,989 [Worker-0: Building] WARN  o.e.m.c.i.embedder.EclipseLogger - Using platform encoding (UTF-8 actually) to copy filtered resources, i.e. build is platform dependent!
2022-08-31 21:12:43,991 [Worker-0: Building] INFO  o.e.m.c.i.embedder.EclipseLogger - Copying 0 resource
2022-08-31 21:12:43,993 [Worker-0: Building] WARN  o.e.m.c.i.embedder.EclipseLogger - Using platform encoding (UTF-8 actually) to copy filtered resources, i.e. build is platform dependent!
2022-08-31 21:12:43,993 [Worker-0: Building] INFO  o.e.m.c.i.embedder.EclipseLogger - Copying 0 resource
2022-08-31 21:14:25,810 [Worker-11: Building] INFO  o.e.m.c.i.l.LifecycleMappingFactory - Using NULL lifecycle mapping for MavenProject: com.baeldung:parent:1.0.0-SNAPSHOT @ /home/lkwid/Projects/java/rabbitmq/parent/pom.xml.
2022-08-31 21:14:25,990 [Worker-11: Building] INFO  o.e.m.c.i.l.LifecycleMappingFactory - Using org.eclipse.m2e.jdt.JarLifecycleMapping lifecycle mapping for MavenProject: com.baeldung:publisher:1.0.0-SNAPSHOT @ /home/lkwid/Projects/java/rabbitmq/publisher/pom.xml.
2022-08-31 21:14:26,124 [Worker-11: Building] WARN  o.e.m.c.i.embedder.EclipseLogger - Using platform encoding (UTF-8 actually) to copy filtered resources, i.e. build is platform dependent!
2022-08-31 21:14:26,128 [Worker-11: Building] INFO  o.e.m.c.i.embedder.EclipseLogger - Copying 0 resource
2022-08-31 21:14:26,130 [Worker-11: Building] WARN  o.e.m.c.i.embedder.EclipseLogger - Using platform encoding (UTF-8 actually) to copy filtered resources, i.e. build is platform dependent!
2022-08-31 21:14:26,131 [Worker-11: Building] INFO  o.e.m.c.i.embedder.EclipseLogger - Copying 0 resource
2022-08-31 21:14:27,348 [Worker-11: Download sources and javadoc] INFO  o.e.m.c.i.e.AbstractTransferListenerAdapter - Downloading https://repo.maven.apache.org/maven2/com/rabbitmq/amqp-client/5.15.0/amqp-client-5.15.0-sources.jar
2022-08-31 21:14:27,508 [Worker-11: Download sources and javadoc] INFO  o.e.m.c.i.e.AbstractTransferListenerAdapter - Downloaded https://repo.maven.apache.org/maven2/com/rabbitmq/amqp-client/5.15.0/amqp-client-5.15.0-sources.jar
2022-08-31 21:14:27,514 [Worker-11: Download sources and javadoc] INFO  o.e.m.j.internal.DownloadSourcesJob - Downloaded sources for com.rabbitmq:amqp-client:5.15.0
2022-08-31 21:14:27,658 [Worker-11: Download sources and javadoc] INFO  o.e.m.c.i.e.AbstractTransferListenerAdapter - Downloading https://repo.maven.apache.org/maven2/org/slf4j/slf4j-api/1.7.36/slf4j-api-1.7.36-sources.jar
2022-08-31 21:14:27,759 [Worker-11: Download sources and javadoc] INFO  o.e.m.c.i.e.AbstractTransferListenerAdapter - Downloaded https://repo.maven.apache.org/maven2/org/slf4j/slf4j-api/1.7.36/slf4j-api-1.7.36-sources.jar
2022-08-31 21:14:27,761 [Worker-11: Download sources and javadoc] INFO  o.e.m.j.internal.DownloadSourcesJob - Downloaded sources for org.slf4j:slf4j-api:1.7.36
2022-08-31 21:14:27,765 [Worker-11: Download sources and javadoc] INFO  o.e.m.j.internal.DownloadSourcesJob - Downloaded sources for com.rabbitmq:amqp-client:5.15.0
2022-08-31 21:14:27,769 [Worker-11: Download sources and javadoc] INFO  o.e.m.j.internal.DownloadSourcesJob - Downloaded sources for org.slf4j:slf4j-api:1.7.36
2022-08-31 21:14:28,526 [Worker-5: Building] WARN  o.e.m.c.i.embedder.EclipseLogger - Using platform encoding (UTF-8 actually) to copy filtered resources, i.e. build is platform dependent!
2022-08-31 21:14:28,527 [Worker-5: Building] INFO  o.e.m.c.i.embedder.EclipseLogger - Copying 0 resource
2022-08-31 21:14:28,530 [Worker-5: Building] WARN  o.e.m.c.i.embedder.EclipseLogger - Using platform encoding (UTF-8 actually) to copy filtered resources, i.e. build is platform dependent!
2022-08-31 21:14:28,531 [Worker-5: Building] INFO  o.e.m.c.i.embedder.EclipseLogger - Copying 0 resource
2022-08-31 21:14:29,706 [Worker-0: Building] INFO  o.e.m.c.i.l.LifecycleMappingFactory - Using org.eclipse.m2e.jdt.JarLifecycleMapping lifecycle mapping for MavenProject: com.baeldung:publisher:1.0.0-SNAPSHOT @ /home/lkwid/Projects/java/rabbitmq/publisher/pom.xml.
2022-08-31 21:14:29,773 [Worker-0: Building] WARN  o.e.m.c.i.embedder.EclipseLogger - Using platform encoding (UTF-8 actually) to copy filtered resources, i.e. build is platform dependent!
2022-08-31 21:14:29,776 [Worker-0: Building] INFO  o.e.m.c.i.embedder.EclipseLogger - Copying 0 resource
2022-08-31 21:14:29,779 [Worker-0: Building] WARN  o.e.m.c.i.embedder.EclipseLogger - Using platform encoding (UTF-8 actually) to copy filtered resources, i.e. build is platform dependent!
2022-08-31 21:14:29,780 [Worker-0: Building] INFO  o.e.m.c.i.embedder.EclipseLogger - Copying 0 resource
2022-08-31 21:17:12,873 [Worker-13: Building] WARN  o.e.m.c.i.embedder.EclipseLogger - Using platform encoding (UTF-8 actually) to copy filtered resources, i.e. build is platform dependent!
2022-08-31 21:17:12,874 [Worker-13: Building] INFO  o.e.m.c.i.embedder.EclipseLogger - Copying 0 resource
2022-08-31 21:17:12,878 [Worker-13: Building] WARN  o.e.m.c.i.embedder.EclipseLogger - Using platform encoding (UTF-8 actually) to copy filtered resources, i.e. build is platform dependent!
2022-08-31 21:17:12,880 [Worker-13: Building] INFO  o.e.m.c.i.embedder.EclipseLogger - Copying 0 resource
2022-08-31 21:17:13,931 [Worker-14: Building] WARN  o.e.m.c.i.embedder.EclipseLogger - Using platform encoding (UTF-8 actually) to copy filtered resources, i.e. build is platform dependent!
2022-08-31 21:17:13,932 [Worker-14: Building] INFO  o.e.m.c.i.embedder.EclipseLogger - Copying 0 resource
2022-08-31 21:17:13,934 [Worker-14: Building] WARN  o.e.m.c.i.embedder.EclipseLogger - Using platform encoding (UTF-8 actually) to copy filtered resources, i.e. build is platform dependent!
2022-08-31 21:17:13,935 [Worker-14: Building] INFO  o.e.m.c.i.embedder.EclipseLogger - Copying 0 resource
2022-08-31 21:26:14,813 [Worker-15: Creating project "consumer"] ERROR o.e.m.c.i.URLConnectionCaches - Unexpected URLConnection defaultUseCaches enabled
2022-08-31 21:26:14,861 [Worker-15: Creating project "consumer"] INFO  o.e.m.c.i.l.LifecycleMappingFactory - Using org.eclipse.m2e.jdt.JarLifecycleMapping lifecycle mapping for MavenProject: com.baeldung:consumer:0.0.1-SNAPSHOT @ /home/lkwid/Projects/java/rabbitmq/consumer/pom.xml.
2022-08-31 21:26:14,882 [Worker-15: Creating project "consumer"] ERROR o.e.m.c.i.URLConnectionCaches - Unexpected URLConnection defaultUseCaches enabled
2022-08-31 21:26:14,890 [Worker-15: Creating project "consumer"] INFO  o.e.m.j.i.AbstractJavaProjectConfigurator - Adding source folder /consumer/src/main/java
2022-08-31 21:26:14,890 [Worker-15: Creating project "consumer"] INFO  o.e.m.j.i.AbstractJavaProjectConfigurator - Adding resource folder /consumer/src/main/resources
2022-08-31 21:26:14,891 [Worker-15: Creating project "consumer"] INFO  o.e.m.j.i.AbstractJavaProjectConfigurator - Adding source folder /consumer/src/test/java
2022-08-31 21:26:14,891 [Worker-15: Creating project "consumer"] INFO  o.e.m.j.i.AbstractJavaProjectConfigurator - Adding resource folder /consumer/src/test/resources
2022-08-31 21:26:15,103 [Worker-16: Building] ERROR o.e.m.c.i.URLConnectionCaches - Unexpected URLConnection defaultUseCaches enabled
2022-08-31 21:26:15,106 [Worker-16: Building] WARN  o.e.m.c.i.embedder.EclipseLogger - Using platform encoding (UTF-8 actually) to copy filtered resources, i.e. build is platform dependent!
2022-08-31 21:26:15,107 [Worker-16: Building] INFO  o.e.m.c.i.embedder.EclipseLogger - Copying 0 resource
2022-08-31 21:26:15,109 [Worker-16: Building] WARN  o.e.m.c.i.embedder.EclipseLogger - Using platform encoding (UTF-8 actually) to copy filtered resources, i.e. build is platform dependent!
2022-08-31 21:26:15,110 [Worker-16: Building] INFO  o.e.m.c.i.embedder.EclipseLogger - Copying 0 resource
2022-08-31 21:26:25,390 [Worker-15: Building] ERROR o.e.m.c.i.URLConnectionCaches - Unexpected URLConnection defaultUseCaches enabled
2022-08-31 21:26:25,393 [Worker-15: Building] WARN  o.e.m.c.i.embedder.EclipseLogger - Using platform encoding (UTF-8 actually) to copy filtered resources, i.e. build is platform dependent!
2022-08-31 21:26:25,395 [Worker-15: Building] INFO  o.e.m.c.i.embedder.EclipseLogger - Copying 0 resource
2022-08-31 21:26:25,397 [Worker-15: Building] WARN  o.e.m.c.i.embedder.EclipseLogger - Using platform encoding (UTF-8 actually) to copy filtered resources, i.e. build is platform dependent!
2022-08-31 21:26:25,398 [Worker-15: Building] INFO  o.e.m.c.i.embedder.EclipseLogger - Copying 0 resource
2022-08-31 21:26:37,995 [Worker-17: Building] ERROR o.e.m.c.i.URLConnectionCaches - Unexpected URLConnection defaultUseCaches enabled
2022-08-31 21:26:37,999 [Worker-17: Building] WARN  o.e.m.c.i.embedder.EclipseLogger - Using platform encoding (UTF-8 actually) to copy filtered resources, i.e. build is platform dependent!
2022-08-31 21:26:38,000 [Worker-17: Building] INFO  o.e.m.c.i.embedder.EclipseLogger - Copying 0 resource
2022-08-31 21:26:38,002 [Worker-17: Building] WARN  o.e.m.c.i.embedder.EclipseLogger - Using platform encoding (UTF-8 actually) to copy filtered resources, i.e. build is platform dependent!
2022-08-31 21:26:38,003 [Worker-17: Building] INFO  o.e.m.c.i.embedder.EclipseLogger - Copying 0 resource
2022-08-31 21:26:49,653 [Worker-17: Building Workspace] ERROR o.e.m.c.i.URLConnectionCaches - Unexpected URLConnection defaultUseCaches enabled
2022-08-31 21:26:49,656 [Worker-17: Building Workspace] WARN  o.e.m.c.i.embedder.EclipseLogger - Using platform encoding (UTF-8 actually) to copy filtered resources, i.e. build is platform dependent!
2022-08-31 21:26:49,658 [Worker-17: Building Workspace] INFO  o.e.m.c.i.embedder.EclipseLogger - Copying 0 resource
2022-08-31 21:26:49,661 [Worker-17: Building Workspace] WARN  o.e.m.c.i.embedder.EclipseLogger - Using platform encoding (UTF-8 actually) to copy filtered resources, i.e. build is platform dependent!
2022-08-31 21:26:49,663 [Worker-17: Building Workspace] INFO  o.e.m.c.i.embedder.EclipseLogger - Copying 0 resource
2022-08-31 21:26:49,688 [Worker-17: Building Workspace] ERROR o.e.m.c.i.URLConnectionCaches - Unexpected URLConnection defaultUseCaches enabled
2022-08-31 21:26:49,693 [Worker-17: Building Workspace] WARN  o.e.m.c.i.embedder.EclipseLogger - Using platform encoding (UTF-8 actually) to copy filtered resources, i.e. build is platform dependent!
2022-08-31 21:26:49,694 [Worker-17: Building Workspace] INFO  o.e.m.c.i.embedder.EclipseLogger - Copying 0 resource
2022-08-31 21:26:49,700 [Worker-17: Building Workspace] WARN  o.e.m.c.i.embedder.EclipseLogger - Using platform encoding (UTF-8 actually) to copy filtered resources, i.e. build is platform dependent!
2022-08-31 21:26:49,701 [Worker-17: Building Workspace] INFO  o.e.m.c.i.embedder.EclipseLogger - Copying 0 resource
2022-08-31 21:27:25,693 [Worker-15: Building] ERROR o.e.m.c.i.URLConnectionCaches - Unexpected URLConnection defaultUseCaches enabled
2022-08-31 21:27:25,695 [Worker-15: Building] WARN  o.e.m.c.i.embedder.EclipseLogger - Using platform encoding (UTF-8 actually) to copy filtered resources, i.e. build is platform dependent!
2022-08-31 21:27:25,696 [Worker-15: Building] INFO  o.e.m.c.i.embedder.EclipseLogger - Copying 0 resource
2022-08-31 21:27:25,698 [Worker-15: Building] WARN  o.e.m.c.i.embedder.EclipseLogger - Using platform encoding (UTF-8 actually) to copy filtered resources, i.e. build is platform dependent!
2022-08-31 21:27:25,698 [Worker-15: Building] INFO  o.e.m.c.i.embedder.EclipseLogger - Copying 0 resource
2022-08-31 21:27:32,540 [Worker-14: Building] ERROR o.e.m.c.i.URLConnectionCaches - Unexpected URLConnection defaultUseCaches enabled
2022-08-31 21:27:32,544 [Worker-14: Building] WARN  o.e.m.c.i.embedder.EclipseLogger - Using platform encoding (UTF-8 actually) to copy filtered resources, i.e. build is platform dependent!
2022-08-31 21:27:32,545 [Worker-14: Building] INFO  o.e.m.c.i.embedder.EclipseLogger - Copying 0 resource
2022-08-31 21:27:32,548 [Worker-14: Building] WARN  o.e.m.c.i.embedder.EclipseLogger - Using platform encoding (UTF-8 actually) to copy filtered resources, i.e. build is platform dependent!
2022-08-31 21:27:32,549 [Worker-14: Building] INFO  o.e.m.c.i.embedder.EclipseLogger - Copying 0 resource
2022-08-31 21:27:38,333 [Worker-15: Building] ERROR o.e.m.c.i.URLConnectionCaches - Unexpected URLConnection defaultUseCaches enabled
2022-08-31 21:27:38,337 [Worker-15: Building] WARN  o.e.m.c.i.embedder.EclipseLogger - Using platform encoding (UTF-8 actually) to copy filtered resources, i.e. build is platform dependent!
2022-08-31 21:27:38,338 [Worker-15: Building] INFO  o.e.m.c.i.embedder.EclipseLogger - Copying 0 resource
2022-08-31 21:27:38,341 [Worker-15: Building] WARN  o.e.m.c.i.embedder.EclipseLogger - Using platform encoding (UTF-8 actually) to copy filtered resources, i.e. build is platform dependent!
2022-08-31 21:27:38,342 [Worker-15: Building] INFO  o.e.m.c.i.embedder.EclipseLogger - Copying 0 resource
2022-08-31 21:31:12,334 [Worker-17: Launching App (1)] ERROR o.e.m.c.i.URLConnectionCaches - Unexpected URLConnection defaultUseCaches enabled
2022-08-31 21:31:12,339 [Worker-17: Launching App (1)] WARN  o.e.m.c.i.embedder.EclipseLogger - Using platform encoding (UTF-8 actually) to copy filtered resources, i.e. build is platform dependent!
2022-08-31 21:31:12,340 [Worker-17: Launching App (1)] INFO  o.e.m.c.i.embedder.EclipseLogger - Copying 0 resource
2022-08-31 21:31:12,342 [Worker-17: Launching App (1)] WARN  o.e.m.c.i.embedder.EclipseLogger - Using platform encoding (UTF-8 actually) to copy filtered resources, i.e. build is platform dependent!
2022-08-31 21:31:12,344 [Worker-17: Launching App (1)] INFO  o.e.m.c.i.embedder.EclipseLogger - Copying 0 resource
2022-08-31 21:31:36,485 [Worker-18: Building] ERROR o.e.m.c.i.URLConnectionCaches - Unexpected URLConnection defaultUseCaches enabled
2022-08-31 21:31:36,518 [Worker-18: Building] INFO  o.e.m.c.i.l.LifecycleMappingFactory - Using org.eclipse.m2e.jdt.JarLifecycleMapping lifecycle mapping for MavenProject: com.baeldung:consumer:0.0.1-SNAPSHOT @ /home/lkwid/Projects/java/rabbitmq/consumer/pom.xml.
2022-08-31 21:31:36,539 [Worker-18: Building] ERROR o.e.m.c.i.URLConnectionCaches - Unexpected URLConnection defaultUseCaches enabled
2022-08-31 21:31:36,541 [Worker-18: Building] WARN  o.e.m.c.i.embedder.EclipseLogger - Using platform encoding (UTF-8 actually) to copy filtered resources, i.e. build is platform dependent!
2022-08-31 21:31:36,542 [Worker-18: Building] INFO  o.e.m.c.i.embedder.EclipseLogger - Copying 0 resource
2022-08-31 21:31:36,544 [Worker-18: Building] WARN  o.e.m.c.i.embedder.EclipseLogger - Using platform encoding (UTF-8 actually) to copy filtered resources, i.e. build is platform dependent!
2022-08-31 21:31:36,545 [Worker-18: Building] INFO  o.e.m.c.i.embedder.EclipseLogger - Copying 0 resource
2022-08-31 21:31:45,984 [main] INFO  o.e.m2e.actions.ExecutePomAction - Creating new launch configuration
2022-08-31 21:32:30,792 [Worker-19: Building] ERROR o.e.m.c.i.URLConnectionCaches - Unexpected URLConnection defaultUseCaches enabled
2022-08-31 21:32:30,794 [Worker-19: Building] WARN  o.e.m.c.i.embedder.EclipseLogger - Using platform encoding (UTF-8 actually) to copy filtered resources, i.e. build is platform dependent!
2022-08-31 21:32:30,795 [Worker-19: Building] INFO  o.e.m.c.i.embedder.EclipseLogger - Copying 0 resource
2022-08-31 21:32:30,797 [Worker-19: Building] WARN  o.e.m.c.i.embedder.EclipseLogger - Using platform encoding (UTF-8 actually) to copy filtered resources, i.e. build is platform dependent!
2022-08-31 21:32:30,798 [Worker-19: Building] INFO  o.e.m.c.i.embedder.EclipseLogger - Copying 0 resource
2022-08-31 21:32:30,807 [Worker-19: Building] ERROR o.e.m.c.i.URLConnectionCaches - Unexpected URLConnection defaultUseCaches enabled
2022-08-31 21:32:30,822 [Worker-19: Building] ERROR o.e.m.c.i.URLConnectionCaches - Unexpected URLConnection defaultUseCaches enabled
2022-08-31 21:32:30,824 [Worker-19: Building] WARN  o.e.m.c.i.embedder.EclipseLogger - Using platform encoding (UTF-8 actually) to copy filtered resources, i.e. build is platform dependent!
2022-08-31 21:32:30,825 [Worker-19: Building] INFO  o.e.m.c.i.embedder.EclipseLogger - Copying 0 resource
2022-08-31 21:32:30,826 [Worker-19: Building] WARN  o.e.m.c.i.embedder.EclipseLogger - Using platform encoding (UTF-8 actually) to copy filtered resources, i.e. build is platform dependent!
2022-08-31 21:32:30,826 [Worker-19: Building] INFO  o.e.m.c.i.embedder.EclipseLogger - Copying 0 resource
2022-08-31 21:37:26,320 [Worker-21: Building] ERROR o.e.m.c.i.URLConnectionCaches - Unexpected URLConnection defaultUseCaches enabled
2022-08-31 21:37:26,350 [Worker-21: Building] INFO  o.e.m.c.i.l.LifecycleMappingFactory - Using org.eclipse.m2e.jdt.JarLifecycleMapping lifecycle mapping for MavenProject: com.baeldung:consumer:1.0.0-SNAPSHOT @ /home/lkwid/Projects/java/rabbitmq/consumer/pom.xml.
2022-08-31 21:37:26,375 [Worker-21: Building] ERROR o.e.m.c.i.URLConnectionCaches - Unexpected URLConnection defaultUseCaches enabled
2022-08-31 21:37:26,380 [Worker-21: Building] WARN  o.e.m.c.i.embedder.EclipseLogger - Using platform encoding (UTF-8 actually) to copy filtered resources, i.e. build is platform dependent!
2022-08-31 21:37:26,381 [Worker-21: Building] INFO  o.e.m.c.i.embedder.EclipseLogger - Copying 0 resource
2022-08-31 21:37:26,385 [Worker-21: Building] WARN  o.e.m.c.i.embedder.EclipseLogger - Using platform encoding (UTF-8 actually) to copy filtered resources, i.e. build is platform dependent!
2022-08-31 21:37:26,386 [Worker-21: Building] INFO  o.e.m.c.i.embedder.EclipseLogger - Copying 0 resource
2022-08-31 21:39:55,906 [Worker-33: Building] ERROR o.e.m.c.i.URLConnectionCaches - Unexpected URLConnection defaultUseCaches enabled
2022-08-31 21:39:55,910 [Worker-33: Building] WARN  o.e.m.c.i.embedder.EclipseLogger - Using platform encoding (UTF-8 actually) to copy filtered resources, i.e. build is platform dependent!
2022-08-31 21:39:55,912 [Worker-33: Building] INFO  o.e.m.c.i.embedder.EclipseLogger - Copying 0 resource
2022-08-31 21:39:55,914 [Worker-33: Building] WARN  o.e.m.c.i.embedder.EclipseLogger - Using platform encoding (UTF-8 actually) to copy filtered resources, i.e. build is platform dependent!
2022-08-31 21:39:55,915 [Worker-33: Building] INFO  o.e.m.c.i.embedder.EclipseLogger - Copying 0 resource
2022-08-31 21:41:50,988 [Worker-30: Building] ERROR o.e.m.c.i.URLConnectionCaches - Unexpected URLConnection defaultUseCaches enabled
2022-08-31 21:41:50,992 [Worker-30: Building] WARN  o.e.m.c.i.embedder.EclipseLogger - Using platform encoding (UTF-8 actually) to copy filtered resources, i.e. build is platform dependent!
2022-08-31 21:41:50,993 [Worker-30: Building] INFO  o.e.m.c.i.embedder.EclipseLogger - Copying 0 resource
2022-08-31 21:41:50,995 [Worker-30: Building] WARN  o.e.m.c.i.embedder.EclipseLogger - Using platform encoding (UTF-8 actually) to copy filtered resources, i.e. build is platform dependent!
2022-08-31 21:41:50,996 [Worker-30: Building] INFO  o.e.m.c.i.embedder.EclipseLogger - Copying 0 resource
2022-08-31 21:43:19,788 [Worker-25: Building] ERROR o.e.m.c.i.URLConnectionCaches - Unexpected URLConnection defaultUseCaches enabled
2022-08-31 21:43:19,791 [Worker-25: Building] WARN  o.e.m.c.i.embedder.EclipseLogger - Using platform encoding (UTF-8 actually) to copy filtered resources, i.e. build is platform dependent!
2022-08-31 21:43:19,792 [Worker-25: Building] INFO  o.e.m.c.i.embedder.EclipseLogger - Copying 0 resource
2022-08-31 21:43:19,793 [Worker-25: Building] WARN  o.e.m.c.i.embedder.EclipseLogger - Using platform encoding (UTF-8 actually) to copy filtered resources, i.e. build is platform dependent!
2022-08-31 21:43:19,794 [Worker-25: Building] INFO  o.e.m.c.i.embedder.EclipseLogger - Copying 0 resource
2022-08-31 21:44:19,600 [main] INFO  o.e.m2e.actions.ExecutePomAction - Creating new launch configuration
2022-08-31 21:45:23,860 [Worker-31: Building] ERROR o.e.m.c.i.URLConnectionCaches - Unexpected URLConnection defaultUseCaches enabled
2022-08-31 21:45:23,893 [Worker-31: Building] WARN  o.e.m.c.i.embedder.EclipseLogger - Using platform encoding (UTF-8 actually) to copy filtered resources, i.e. build is platform dependent!
2022-08-31 21:45:23,902 [Worker-31: Building] INFO  o.e.m.c.i.embedder.EclipseLogger - Copying 0 resource
2022-08-31 21:45:23,904 [Worker-31: Building] WARN  o.e.m.c.i.embedder.EclipseLogger - Using platform encoding (UTF-8 actually) to copy filtered resources, i.e. build is platform dependent!
2022-08-31 21:45:23,905 [Worker-31: Building] INFO  o.e.m.c.i.embedder.EclipseLogger - Copying 0 resource
2022-08-31 21:45:48,219 [Worker-14: Building] ERROR o.e.m.c.i.URLConnectionCaches - Unexpected URLConnection defaultUseCaches enabled
2022-08-31 21:45:48,222 [Worker-14: Building] WARN  o.e.m.c.i.embedder.EclipseLogger - Using platform encoding (UTF-8 actually) to copy filtered resources, i.e. build is platform dependent!
2022-08-31 21:45:48,223 [Worker-14: Building] INFO  o.e.m.c.i.embedder.EclipseLogger - Copying 0 resource
2022-08-31 21:45:48,225 [Worker-14: Building] WARN  o.e.m.c.i.embedder.EclipseLogger - Using platform encoding (UTF-8 actually) to copy filtered resources, i.e. build is platform dependent!
2022-08-31 21:45:48,225 [Worker-14: Building] INFO  o.e.m.c.i.embedder.EclipseLogger - Copying 0 resource
2022-08-31 21:45:59,655 [Worker-19: Building] ERROR o.e.m.c.i.URLConnectionCaches - Unexpected URLConnection defaultUseCaches enabled
2022-08-31 21:45:59,658 [Worker-19: Building] WARN  o.e.m.c.i.embedder.EclipseLogger - Using platform encoding (UTF-8 actually) to copy filtered resources, i.e. build is platform dependent!
2022-08-31 21:45:59,660 [Worker-19: Building] INFO  o.e.m.c.i.embedder.EclipseLogger - Copying 0 resource
2022-08-31 21:45:59,662 [Worker-19: Building] WARN  o.e.m.c.i.embedder.EclipseLogger - Using platform encoding (UTF-8 actually) to copy filtered resources, i.e. build is platform dependent!
2022-08-31 21:45:59,664 [Worker-19: Building] INFO  o.e.m.c.i.embedder.EclipseLogger - Copying 0 resource
2022-08-31 21:48:14,452 [Worker-26: Building] ERROR o.e.m.c.i.URLConnectionCaches - Unexpected URLConnection defaultUseCaches enabled
2022-08-31 21:48:14,455 [Worker-26: Building] WARN  o.e.m.c.i.embedder.EclipseLogger - Using platform encoding (UTF-8 actually) to copy filtered resources, i.e. build is platform dependent!
2022-08-31 21:48:14,456 [Worker-26: Building] INFO  o.e.m.c.i.embedder.EclipseLogger - Copying 0 resource
2022-08-31 21:48:14,457 [Worker-26: Building] WARN  o.e.m.c.i.embedder.EclipseLogger - Using platform encoding (UTF-8 actually) to copy filtered resources, i.e. build is platform dependent!
2022-08-31 21:48:14,457 [Worker-26: Building] INFO  o.e.m.c.i.embedder.EclipseLogger - Copying 0 resource
2022-08-31 21:48:24,100 [Worker-26: Building] ERROR o.e.m.c.i.URLConnectionCaches - Unexpected URLConnection defaultUseCaches enabled
2022-08-31 21:48:24,103 [Worker-26: Building] WARN  o.e.m.c.i.embedder.EclipseLogger - Using platform encoding (UTF-8 actually) to copy filtered resources, i.e. build is platform dependent!
2022-08-31 21:48:24,104 [Worker-26: Building] INFO  o.e.m.c.i.embedder.EclipseLogger - Copying 0 resource
2022-08-31 21:48:24,106 [Worker-26: Building] WARN  o.e.m.c.i.embedder.EclipseLogger - Using platform encoding (UTF-8 actually) to copy filtered resources, i.e. build is platform dependent!
2022-08-31 21:48:24,107 [Worker-26: Building] INFO  o.e.m.c.i.embedder.EclipseLogger - Copying 0 resource
2022-08-31 21:50:10,535 [Worker-18: Building] ERROR o.e.m.c.i.URLConnectionCaches - Unexpected URLConnection defaultUseCaches enabled
2022-08-31 21:50:10,538 [Worker-18: Building] WARN  o.e.m.c.i.embedder.EclipseLogger - Using platform encoding (UTF-8 actually) to copy filtered resources, i.e. build is platform dependent!
2022-08-31 21:50:10,540 [Worker-18: Building] INFO  o.e.m.c.i.embedder.EclipseLogger - Copying 0 resource
2022-08-31 21:50:10,541 [Worker-18: Building] WARN  o.e.m.c.i.embedder.EclipseLogger - Using platform encoding (UTF-8 actually) to copy filtered resources, i.e. build is platform dependent!
2022-08-31 21:50:10,542 [Worker-18: Building] INFO  o.e.m.c.i.embedder.EclipseLogger - Copying 0 resource
2022-08-31 21:50:25,160 [Worker-21: Building] ERROR o.e.m.c.i.URLConnectionCaches - Unexpected URLConnection defaultUseCaches enabled
2022-08-31 21:50:25,163 [Worker-21: Building] WARN  o.e.m.c.i.embedder.EclipseLogger - Using platform encoding (UTF-8 actually) to copy filtered resources, i.e. build is platform dependent!
2022-08-31 21:50:25,164 [Worker-21: Building] INFO  o.e.m.c.i.embedder.EclipseLogger - Copying 0 resource
2022-08-31 21:50:25,166 [Worker-21: Building] WARN  o.e.m.c.i.embedder.EclipseLogger - Using platform encoding (UTF-8 actually) to copy filtered resources, i.e. build is platform dependent!
2022-08-31 21:50:25,167 [Worker-21: Building] INFO  o.e.m.c.i.embedder.EclipseLogger - Copying 0 resource
2022-09-05 23:29:50,605 [Worker-7: Loading available Gradle versions] INFO  o.e.b.c.i.u.g.PublishedGradleVersions - Gradle version information cache is out-of-date. Trying to update.
